<?xml version="1.0" encoding="UTF-8"?>
<!-- Generated by org.testng.reporters.JUnitXMLReporter -->
<testsuite ignored="0" hostname="DESKTOP-IVP925K" failures="0" tests="5" name="FirefoxTest" time="98.999" errors="0" timestamp="2023-01-18T13:54:10 IST">
  <testcase classname="cricbuzz.Crickbuzz" name="setup" time="3.998"/>
  <testcase classname="cricbuzz.Crickbuzz" name="launchUrl" time="70.422"/>
  <testcase classname="cricbuzz.Crickbuzz" name="allMatches" time="1.955"/>
  <testcase classname="cricbuzz.Crickbuzz" name="scoreCard" time="16.593"/>
  <testcase classname="cricbuzz.Crickbuzz" name="extras" time="6.024"/>
</testsuite> <!-- FirefoxTest -->
