<?xml version="1.0" encoding="UTF-8"?>
<!-- Generated by org.testng.reporters.JUnitXMLReporter -->
<testsuite ignored="0" hostname="DESKTOP-IVP925K" failures="0" tests="5" name="Test2" time="24.378" errors="0" timestamp="2023-01-18T11:13:14 IST">
  <testcase classname="cricbuzz.Crickbuzz" name="setup" time="2.806"/>
  <testcase classname="cricbuzz.Crickbuzz" name="launchUrl" time="5.801"/>
  <testcase classname="cricbuzz.Crickbuzz" name="allMatches" time="9.111"/>
  <testcase classname="cricbuzz.Crickbuzz" name="scoreCard" time="0.996"/>
  <testcase classname="cricbuzz.Crickbuzz" name="extras" time="5.656"/>
</testsuite> <!-- Test2 -->
