<?xml version="1.0" encoding="UTF-8"?>
<!-- Generated by org.testng.reporters.JUnitXMLReporter -->
<testsuite ignored="0" hostname="DESKTOP-IVP925K" failures="0" tests="5" name="Test3" time="24.873" errors="0" timestamp="2023-01-18T11:13:39 IST">
  <testcase classname="cricbuzz.Crickbuzz" name="setup" time="2.931"/>
  <testcase classname="cricbuzz.Crickbuzz" name="launchUrl" time="6.879"/>
  <testcase classname="cricbuzz.Crickbuzz" name="allMatches" time="8.732"/>
  <testcase classname="cricbuzz.Crickbuzz" name="scoreCard" time="0.39"/>
  <testcase classname="cricbuzz.Crickbuzz" name="extras" time="5.935"/>
</testsuite> <!-- Test3 -->
