<?xml version="1.0" encoding="UTF-8"?>
<!-- Generated by org.testng.reporters.JUnitXMLReporter -->
<testsuite ignored="0" hostname="DESKTOP-IVP925K" failures="0" tests="5" name="Test1" time="24.532" errors="0" timestamp="2023-01-18T11:12:49 IST">
  <testcase classname="cricbuzz.Crickbuzz" name="setup" time="2.089"/>
  <testcase classname="cricbuzz.Crickbuzz" name="launchUrl" time="7.449"/>
  <testcase classname="cricbuzz.Crickbuzz" name="allMatches" time="8.828"/>
  <testcase classname="cricbuzz.Crickbuzz" name="scoreCard" time="0.683"/>
  <testcase classname="cricbuzz.Crickbuzz" name="extras" time="5.45"/>
</testsuite> <!-- Test1 -->
